SF:lib/src/open_meteo_api_client.dart
DA:18,0
DA:19,0
DA:28,0
DA:31,0
DA:34,0
DA:37,0
DA:38,0
DA:42,0
DA:45,0
DA:48,0
DA:51,0
DA:54,0
DA:58,0
DA:60,0
DA:61,0
DA:63,0
DA:65,0
DA:66,0
DA:69,0
DA:71,0
DA:72,0
DA:76,0
DA:78,0
LF:23
LH:0
end_of_record
SF:lib/src/models/location.dart
DA:12,2
DA:18,2
DA:19,2
LF:3
LH:3
end_of_record
SF:lib/src/models/location.g.dart
DA:9,4
DA:10,2
DA:11,2
DA:12,4
DA:13,4
DA:16,0
DA:17,0
DA:18,0
DA:19,0
DA:20,0
LF:10
LH:5
end_of_record
SF:lib/src/models/weather.dart
DA:11,1
DA:13,1
DA:14,1
LF:3
LH:3
end_of_record
SF:lib/src/models/weather.g.dart
DA:9,2
DA:10,2
DA:11,2
DA:14,0
DA:15,0
DA:16,0
LF:6
LH:3
end_of_record
